0 info it worked if it ends with ok
1 verbose cli [ '/usr/bin/nodejs', '/usr/bin/npm', 'start' ]
2 info using npm@3.10.8
3 info using node@v4.6.0
4 verbose run-script [ 'prestart', 'start', 'poststart' ]
5 info lifecycle alexanderramsey.com-2017@1.0.0~prestart: alexanderramsey.com-2017@1.0.0
6 silly lifecycle alexanderramsey.com-2017@1.0.0~prestart: no script for prestart, continuing
7 info lifecycle alexanderramsey.com-2017@1.0.0~start: alexanderramsey.com-2017@1.0.0
8 verbose lifecycle alexanderramsey.com-2017@1.0.0~start: unsafe-perm in lifecycle true
9 verbose lifecycle alexanderramsey.com-2017@1.0.0~start: PATH: /usr/lib/node_modules/npm/bin/node-gyp-bin:/home/alex/nodejs/alexander-ramsey-com/node_modules/.bin:/usr/local/bin:/usr/bin:/bin:/usr/local/games:/usr/games
10 verbose lifecycle alexanderramsey.com-2017@1.0.0~start: CWD: /home/alex/nodejs/alexander-ramsey-com
11 silly lifecycle alexanderramsey.com-2017@1.0.0~start: Args: [ '-c', 'nf start' ]
12 info lifecycle alexanderramsey.com-2017@1.0.0~start: Failed to exec start script
13 verbose stack Error: alexanderramsey.com-2017@1.0.0 start: `nf start`
13 verbose stack spawn ENOENT
13 verbose stack     at ChildProcess.<anonymous> (/usr/lib/node_modules/npm/lib/utils/spawn.js:33:16)
13 verbose stack     at emitTwo (events.js:87:13)
13 verbose stack     at ChildProcess.emit (events.js:172:7)
13 verbose stack     at maybeClose (internal/child_process.js:829:16)
13 verbose stack     at Process.ChildProcess._handle.onexit (internal/child_process.js:211:5)
14 verbose pkgid alexanderramsey.com-2017@1.0.0
15 verbose cwd /home/alex/nodejs/alexander-ramsey-com
16 error Linux 3.16.0-4-amd64
17 error argv "/usr/bin/nodejs" "/usr/bin/npm" "start"
18 error node v4.6.0
19 error npm  v3.10.8
20 error file sh
21 error code ELIFECYCLE
22 error errno ENOENT
23 error syscall spawn
24 error alexanderramsey.com-2017@1.0.0 start: `nf start`
24 error spawn ENOENT
25 error Failed at the alexanderramsey.com-2017@1.0.0 start script 'nf start'.
25 error Make sure you have the latest version of node.js and npm installed.
25 error If you do, this is most likely a problem with the alexanderramsey.com-2017 package,
25 error not with npm itself.
25 error Tell the author that this fails on your system:
25 error     nf start
25 error You can get information on how to open an issue for this project with:
25 error     npm bugs alexanderramsey.com-2017
25 error Or if that isn't available, you can get their info via:
25 error     npm owner ls alexanderramsey.com-2017
25 error There is likely additional logging output above.
26 verbose exit [ 1, true ]
